0 silly argv {
0 silly argv   _: [ 'clean' ],
0 silly argv   lernaVersion: '3.22.1',
0 silly argv   '$0': '/Users/armandwadji/Desktop/HEXAGONAL/FRONT/pokemon-clean-architecture/node_modules/.bin/lerna'
0 silly argv }
1 notice cli v3.22.1
2 verbose rootPath /Users/armandwadji/Desktop/HEXAGONAL/FRONT/pokemon-clean-architecture
3 info Removing the following directories:
4 info clean packages/adapters/node_modules
4 info clean packages/domain/node_modules
4 info clean packages/infrastructures/angular_app/node_modules
5 info clean removing /Users/armandwadji/Desktop/HEXAGONAL/FRONT/pokemon-clean-architecture/packages/adapters/node_modules
6 silly rimrafDir /Users/armandwadji/Desktop/HEXAGONAL/FRONT/pokemon-clean-architecture/packages/adapters/node_modules
7 info clean removing /Users/armandwadji/Desktop/HEXAGONAL/FRONT/pokemon-clean-architecture/packages/domain/node_modules
8 silly rimrafDir /Users/armandwadji/Desktop/HEXAGONAL/FRONT/pokemon-clean-architecture/packages/domain/node_modules
9 info clean removing /Users/armandwadji/Desktop/HEXAGONAL/FRONT/pokemon-clean-architecture/packages/infrastructures/angular_app/node_modules
10 silly rimrafDir /Users/armandwadji/Desktop/HEXAGONAL/FRONT/pokemon-clean-architecture/packages/infrastructures/angular_app/node_modules
11 error Error: Command failed: /usr/local/bin/node /Users/armandwadji/Desktop/HEXAGONAL/FRONT/pokemon-clean-architecture/node_modules/rimraf/bin.js --no-glob /Users/armandwadji/Desktop/HEXAGONAL/FRONT/pokemon-clean-architecture/packages/infrastructures/angular_app/node_modules/
11 error     at makeError (/Users/armandwadji/Desktop/HEXAGONAL/FRONT/pokemon-clean-architecture/node_modules/@lerna/child-process/node_modules/execa/index.js:174:9)
11 error     at /Users/armandwadji/Desktop/HEXAGONAL/FRONT/pokemon-clean-architecture/node_modules/@lerna/child-process/node_modules/execa/index.js:278:16
